xdotool mousemove 349 264 click 3
xdotool mousemove 349 264 click 3
xdotool mousemove 349 264 click 3
xdotool mousemove 349 264 click 3
xdotool mousemove 349 264 click 3
xdotool mousemove 349 264 click 3
xdotool mousemove 349 264 click 3
xdotool mousemove 349 264 click 3
xdotool mousemove 349 264 click 3
xdotool mousemove 349 264 click 3
xdotool mousemove 349 264 click 3
xdotool mousemove 349 264 click 3
xdotool mousemove 349 264 click 3
xdotool mousemove 349 264 click 3
xdotool mousemove 349 264 click 3
xdotool mousemove 349 264 click 3
xdotool mousemove 349 264 click 3
xdotool mousemove 349 264 click 3
xdotool mousemove 349 264 click 3
xdotool mousemove 349 264 click 3
xdotool mousemove 349 264 click 3
xdotool mousemove 349 264 click 3
xdotool mousemove 349 264 click 3
xdotool mousemove 349 264 click 3
xdotool mousemove 349 264 click 3
xdotool mousemove 349 264 click 3
xdotool mousemove 349 264 click 3
xdotool mousemove 349 264 click 3
xdotool mousemove 349 264 click 3
xdotool mousemove 349 264 click 3
xdotool mousemove 349 264 click 3
xdotool mousemove 349 264 click 3
xdotool mousemove 349 264 click 3
xdotool mousemove 349 264 click 3
xdotool mousemove 349 264 click 3
xdotool mousemove 349 264 click 3
xdotool mousemove 349 264 click 3
xdotool mousemove 349 264 click 3
xdotool mousemove 349 264 click 3
xdotool mousemove 349 264 click 3
xdotool mousemove 349 264 click 3
xdotool mousemove 349 264 click 3
xdotool mousemove 349 264 click 3
xdotool mousemove 349 264 click 3
xdotool mousemove 349 264 click 3
xdotool mousemove 349 264 click 3
xdotool mousemove 349 264 click 3
xdotool mousemove 349 264 click 3
xdotool mousemove 349 264 click 3
xdotool mousemove 349 264 click 3
xdotool mousemove 349 264 click 3
xdotool mousemove 349 264 click 3
xdotool mousemove 349 264 click 3
xdotool mousemove 349 264 click 3
xdotool mousemove 349 264 click 3
xdotool mousemove 349 264 click 3
xdotool mousemove 349 264 click 3
xdotool mousemove 349 264 click 3
xdotool mousemove 349 264 click 3
xdotool mousemove 349 264 click 3
xdotool mousemove 349 264 click 3
xdotool mousemove 349 264 click 3
xdotool mousemove 349 264 click 3
xdotool mousemove 349 264 click 3
xdotool mousemove 349 264 click 3
xdotool mousemove 349 264 click 3
xdotool mousemove 349 264 click 3
xdotool mousemove 349 264 click 3
xdotool mousemove 349 264 click 3
xdotool mousemove 349 264 click 3
xdotool mousemove 349 264 click 3
xdotool mousemove 349 264 click 3
xdotool mousemove 349 264 click 3
xdotool mousemove 349 264 click 3
xdotool mousemove 349 264 click 3
xdotool mousemove 349 264 click 3
xdotool mousemove 349 264 click 3
xdotool mousemove 349 264 click 3
xdotool mousemove 349 264 click 3
xdotool mousemove 349 264 click 3
xdotool mousemove 349 264 click 3
xdotool mousemove 349 264 click 3
xdotool mousemove 349 264 click 3
xdotool mousemove 349 264 click 3
xdotool mousemove 349 264 click 3
xdotool mousemove 349 264 click 3
xdotool mousemove 349 264 click 3
xdotool mousemove 349 264 click 3
xdotool mousemove 349 264 click 3
xdotool mousemove 349 264 click 3
xdotool mousemove 349 264 click 3
xdotool mousemove 349 264 click 3
xdotool mousemove 349 264 click 3
xdotool mousemove 349 264 click 3
xdotool mousemove 349 264 click 3
xdotool mousemove 349 264 click 3
xdotool mousemove 349 264 click 3
xdotool mousemove 349 264 click 3
xdotool mousemove 349 264 click 3
xdotool mousemove 349 264 click 3
xdotool mousemove 349 264 click 3
xdotool mousemove 349 264 click 3
xdotool mousemove 349 264 click 3
xdotool mousemove 349 264 click 3
xdotool mousemove 349 264 click 3
xdotool mousemove 349 264 click 3
xdotool mousemove 349 264 click 3
xdotool mousemove 349 264 click 3
xdotool mousemove 349 264 click 3
xdotool mousemove 349 264 click 3
xdotool mousemove 349 264 click 3
xdotool mousemove 349 264 click 3
xdotool mousemove 349 264 click 3
xdotool mousemove 349 264 click 3
xdotool mousemove 349 264 click 3
xdotool mousemove 349 264 click 3
xdotool mousemove 349 264 click 3
xdotool mousemove 349 264 click 3
xdotool mousemove 349 264 click 3
xdotool mousemove 349 264 click 3
xdotool mousemove 349 264 click 3
xdotool mousemove 349 264 click 3
xdotool mousemove 349 264 click 3
xdotool mousemove 349 264 click 3
xdotool mousemove 349 264 click 3
xdotool mousemove 349 264 click 3
xdotool mousemove 349 264 click 3
xdotool mousemove 349 264 click 3
xdotool mousemove 349 264 click 3
xdotool mousemove 349 264 click 3
xdotool mousemove 349 264 click 3
xdotool mousemove 349 264 click 3
xdotool mousemove 349 264 click 3
xdotool mousemove 349 264 click 3
xdotool mousemove 349 264 click 3
xdotool mousemove 349 264 click 3
xdotool mousemove 349 264 click 3
xdotool mousemove 349 264 click 3
xdotool mousemove 349 264 click 3
xdotool mousemove 349 264 click 3
xdotool mousemove 349 264 click 3
xdotool mousemove 349 264 click 3
xdotool mousemove 349 264 click 3
xdotool mousemove 349 264 click 3
xdotool mousemove 349 264 click 3
xdotool mousemove 349 264 click 3
xdotool mousemove 349 264 click 3
xdotool mousemove 349 264 click 3
xdotool mousemove 349 264 click 3
xdotool mousemove 349 264 click 3
xdotool mousemove 349 264 click 3
xdotool mousemove 349 264 click 3
xdotool mousemove 349 264 click 3
xdotool mousemove 349 264 click 3
xdotool mousemove 349 264 click 3
xdotool mousemove 349 264 click 3
xdotool mousemove 349 264 click 3
xdotool mousemove 349 264 click 3
xdotool mousemove 349 264 click 3
xdotool mousemove 349 264 click 3
xdotool mousemove 349 264 click 3
xdotool mousemove 349 264 click 3
xdotool mousemove 349 264 click 3
xdotool mousemove 349 264 click 3
xdotool mousemove 349 264 click 3
xdotool mousemove 349 264 click 3
xdotool mousemove 349 264 click 3
xdotool mousemove 349 264 click 3
xdotool mousemove 349 264 click 3
xdotool mousemove 349 264 click 3
xdotool mousemove 349 264 click 3
xdotool mousemove 349 264 click 3
xdotool mousemove 349 264 click 3
xdotool mousemove 349 264 click 3
xdotool mousemove 349 264 click 3
xdotool mousemove 349 264 click 3
xdotool mousemove 349 264 click 3
xdotool mousemove 349 264 click 3
xdotool mousemove 349 264 click 3
xdotool mousemove 349 264 click 3
xdotool mousemove 349 264 click 3
xdotool mousemove 349 264 click 3
xdotool mousemove 349 264 click 3
xdotool mousemove 349 264 click 3
xdotool mousemove 349 264 click 3
xdotool mousemove 349 264 click 3
xdotool mousemove 349 264 click 3
xdotool mousemove 349 264 click 3
xdotool mousemove 349 264 click 3
xdotool mousemove 349 264 click 3
xdotool mousemove 349 264 click 3
xdotool mousemove 349 264 click 3
xdotool mousemove 349 264 click 3
xdotool mousemove 349 264 click 3
xdotool mousemove 349 264 click 3
xdotool mousemove 349 264 click 3
xdotool mousemove 349 264 click 3
xdotool mousemove 349 264 click 3
xdotool mousemove 349 264 click 3
xdotool mousemove 349 264 click 3
xdotool mousemove 349 264 click 3
xdotool mousemove 349 264 click 3
xdotool mousemove 349 264 click 3
xdotool mousemove 349 264 click 3
xdotool mousemove 349 264 click 3
xdotool mousemove 349 264 click 3
xdotool mousemove 349 264 click 3
xdotool mousemove 349 264 click 3
xdotool mousemove 349 264 click 3
xdotool mousemove 349 264 click 3
xdotool mousemove 349 264 click 3
xdotool mousemove 349 264 click 3
xdotool mousemove 349 264 click 3
xdotool mousemove 349 264 click 3
xdotool mousemove 349 264 click 3
xdotool mousemove 349 264 click 3
xdotool mousemove 349 264 click 3
xdotool mousemove 349 264 click 3
xdotool mousemove 349 264 click 3
xdotool mousemove 349 264 click 3
xdotool mousemove 349 264 click 3
xdotool mousemove 349 264 click 3
xdotool mousemove 349 264 click 3
xdotool mousemove 349 264 click 3
xdotool mousemove 348 264 click 3
xdotool mousemove 348 264 click 3
xdotool mousemove 348 264 click 3
xdotool mousemove 348 264 click 3
xdotool mousemove 346 264 click 3
xdotool mousemove 346 264 click 3
xdotool mousemove 345 264 click 3
xdotool mousemove 345 264 click 3
xdotool mousemove 345 264 click 3
xdotool mousemove 344 261 click 3
xdotool mousemove 344 261 click 3
xdotool mousemove 344 261 click 3
xdotool mousemove 344 261 click 3
xdotool mousemove 343 257 click 3
xdotool mousemove 343 257 click 3
xdotool mousemove 343 257 click 3
xdotool mousemove 343 257 click 3
xdotool mousemove 343 254 click 3
xdotool mousemove 343 254 click 3
xdotool mousemove 343 254 click 3
xdotool mousemove 343 251 click 3
xdotool mousemove 343 251 click 3
xdotool mousemove 343 251 click 3
xdotool mousemove 343 251 click 3
xdotool mousemove 343 248 click 3
xdotool mousemove 343 248 click 3
xdotool mousemove 343 248 click 3
xdotool mousemove 343 248 click 3
xdotool mousemove 343 247 click 3
xdotool mousemove 343 247 click 3
xdotool mousemove 343 247 click 3
xdotool mousemove 343 247 click 3
xdotool mousemove 346 245 click 3
xdotool mousemove 346 245 click 3
xdotool mousemove 346 245 click 3
xdotool mousemove 349 244 click 3
xdotool mousemove 349 244 click 3
xdotool mousemove 349 244 click 3
xdotool mousemove 349 244 click 3
xdotool mousemove 351 244 click 3
xdotool mousemove 351 244 click 3
xdotool mousemove 351 244 click 3
xdotool mousemove 354 244 click 3
xdotool mousemove 354 244 click 3
xdotool mousemove 354 244 click 3
xdotool mousemove 355 244 click 3
xdotool mousemove 355 244 click 3
xdotool mousemove 355 244 click 3
xdotool mousemove 355 244 click 3
xdotool mousemove 357 244 click 3
xdotool mousemove 357 244 click 3
xdotool mousemove 357 244 click 3
xdotool mousemove 357 244 click 3
xdotool mousemove 359 244 click 3
xdotool mousemove 359 244 click 3
xdotool mousemove 359 244 click 3
xdotool mousemove 359 244 click 3
xdotool mousemove 360 244 click 3
xdotool mousemove 360 244 click 3
xdotool mousemove 360 244 click 3
xdotool mousemove 361 247 click 3
xdotool mousemove 361 247 click 3
xdotool mousemove 361 247 click 3
xdotool mousemove 361 251 click 3
xdotool mousemove 361 251 click 3
xdotool mousemove 361 251 click 3
xdotool mousemove 361 251 click 3
xdotool mousemove 361 255 click 3
xdotool mousemove 361 255 click 3
xdotool mousemove 361 255 click 3
xdotool mousemove 361 255 click 3
xdotool mousemove 361 258 click 3
xdotool mousemove 361 258 click 3
xdotool mousemove 361 258 click 3
xdotool mousemove 361 261 click 3
xdotool mousemove 361 261 click 3
xdotool mousemove 361 261 click 3
xdotool mousemove 361 261 click 3
xdotool mousemove 361 263 click 3
xdotool mousemove 361 263 click 3
xdotool mousemove 361 263 click 3
xdotool mousemove 361 263 click 3
xdotool mousemove 361 264 click 3
xdotool mousemove 361 264 click 3
xdotool mousemove 361 264 click 3
xdotool mousemove 361 264 click 3
xdotool mousemove 361 264 click 3
xdotool mousemove 361 264 click 3
xdotool mousemove 361 264 click 3
xdotool mousemove 361 264 click 3
xdotool mousemove 361 265 click 3
xdotool mousemove 361 265 click 3
xdotool mousemove 361 265 click 3
xdotool mousemove 361 265 click 3
xdotool mousemove 361 265 click 3
xdotool mousemove 361 265 click 3
xdotool mousemove 361 265 click 3
xdotool mousemove 361 265 click 3
xdotool mousemove 361 265 click 3
xdotool mousemove 361 265 click 3
xdotool mousemove 361 265 click 3
xdotool mousemove 361 265 click 3
xdotool mousemove 361 265 click 3
xdotool mousemove 361 265 click 3
xdotool mousemove 361 265 click 3
xdotool mousemove 361 265 click 3
xdotool mousemove 361 265 click 3
xdotool mousemove 361 265 click 3
xdotool mousemove 361 263 click 3
xdotool mousemove 361 263 click 3
xdotool mousemove 361 263 click 3
xdotool mousemove 361 263 click 3
xdotool mousemove 361 261 click 3
xdotool mousemove 361 261 click 3
xdotool mousemove 361 261 click 3
xdotool mousemove 361 261 click 3
xdotool mousemove 361 259 click 3
xdotool mousemove 361 259 click 3
xdotool mousemove 361 259 click 3
xdotool mousemove 361 259 click 3
xdotool mousemove 361 259 click 3
xdotool mousemove 361 258 click 3
xdotool mousemove 361 258 click 3
xdotool mousemove 361 258 click 3
xdotool mousemove 361 258 click 3
xdotool mousemove 361 258 click 3
xdotool mousemove 361 258 click 3
xdotool mousemove 361 258 click 3
xdotool mousemove 361 258 click 3
xdotool mousemove 361 258 click 3
xdotool mousemove 361 258 click 3
xdotool mousemove 361 258 click 3
xdotool mousemove 361 258 click 3
xdotool mousemove 361 258 click 3
xdotool mousemove 361 258 click 3
xdotool mousemove 361 258 click 3
xdotool mousemove 361 258 click 3
xdotool mousemove 361 258 click 3
xdotool mousemove 362 260 click 3
xdotool mousemove 362 260 click 3
xdotool mousemove 362 260 click 3
xdotool mousemove 362 262 click 3
xdotool mousemove 362 262 click 3
xdotool mousemove 362 262 click 3
xdotool mousemove 362 262 click 3
xdotool mousemove 362 264 click 3
xdotool mousemove 362 264 click 3
xdotool mousemove 362 264 click 3
xdotool mousemove 362 264 click 3
xdotool mousemove 362 266 click 3
xdotool mousemove 362 266 click 3
xdotool mousemove 362 266 click 3
xdotool mousemove 362 268 click 3
xdotool mousemove 362 268 click 3
xdotool mousemove 362 268 click 3
xdotool mousemove 362 268 click 3
xdotool mousemove 362 268 click 3
xdotool mousemove 362 268 click 3
xdotool mousemove 362 268 click 3
xdotool mousemove 362 269 click 3
xdotool mousemove 362 269 click 3
xdotool mousemove 362 269 click 3
xdotool mousemove 362 269 click 3
xdotool mousemove 362 269 click 3
xdotool mousemove 362 269 click 3
xdotool mousemove 362 269 click 3
xdotool mousemove 362 269 click 3
xdotool mousemove 362 269 click 3
xdotool mousemove 362 269 click 3
xdotool mousemove 362 269 click 3
xdotool mousemove 362 269 click 3
xdotool mousemove 362 269 click 3
xdotool mousemove 362 269 click 3
xdotool mousemove 362 269 click 3
xdotool mousemove 362 269 click 3
xdotool mousemove 362 269 click 3
xdotool mousemove 362 269 click 3
xdotool mousemove 362 268 click 3
xdotool mousemove 362 268 click 3
xdotool mousemove 362 268 click 3
xdotool mousemove 362 268 click 3
xdotool mousemove 362 265 click 3
xdotool mousemove 362 265 click 3
xdotool mousemove 362 265 click 3
xdotool mousemove 362 265 click 3
xdotool mousemove 362 262 click 3
xdotool mousemove 362 262 click 3
xdotool mousemove 362 262 click 3
xdotool mousemove 362 260 click 3
xdotool mousemove 362 260 click 3
xdotool mousemove 362 260 click 3
xdotool mousemove 362 260 click 3
xdotool mousemove 362 260 click 3
xdotool mousemove 362 260 click 3
xdotool mousemove 362 260 click 3
xdotool mousemove 362 260 click 3
xdotool mousemove 362 260 click 3
xdotool mousemove 362 260 click 3
xdotool mousemove 362 260 click 3
xdotool mousemove 362 260 click 3
xdotool mousemove 362 260 click 3
xdotool mousemove 362 260 click 3
xdotool mousemove 362 260 click 3
xdotool mousemove 362 260 click 3
xdotool mousemove 362 260 click 3
xdotool mousemove 362 260 click 3
xdotool mousemove 362 260 click 3
xdotool mousemove 362 260 click 3
xdotool mousemove 362 260 click 3
xdotool mousemove 362 260 click 3
xdotool mousemove 362 263 click 3
xdotool mousemove 362 263 click 3
xdotool mousemove 362 263 click 3
xdotool mousemove 362 263 click 3
xdotool mousemove 362 266 click 3
xdotool mousemove 362 266 click 3
xdotool mousemove 362 266 click 3
xdotool mousemove 362 266 click 3
xdotool mousemove 362 266 click 3
xdotool mousemove 362 268 click 3
xdotool mousemove 362 268 click 3
xdotool mousemove 362 268 click 3
xdotool mousemove 362 268 click 3
xdotool mousemove 362 271 click 3
xdotool mousemove 362 271 click 3
xdotool mousemove 362 271 click 3
xdotool mousemove 362 271 click 3
xdotool mousemove 360 273 click 3
xdotool mousemove 360 273 click 3
xdotool mousemove 360 273 click 3
xdotool mousemove 360 273 click 3
xdotool mousemove 355 274 click 3
xdotool mousemove 355 274 click 3
xdotool mousemove 355 274 click 3
xdotool mousemove 349 275 click 3
xdotool mousemove 349 275 click 3
xdotool mousemove 349 275 click 3
xdotool mousemove 349 275 click 3
xdotool mousemove 344 276 click 3
xdotool mousemove 344 276 click 3
xdotool mousemove 344 276 click 3
xdotool mousemove 344 276 click 3
xdotool mousemove 340 276 click 3
xdotool mousemove 340 276 click 3
xdotool mousemove 340 276 click 3
xdotool mousemove 340 276 click 3
xdotool mousemove 340 276 click 3
xdotool mousemove 336 276 click 3
xdotool mousemove 336 276 click 3
xdotool mousemove 336 276 click 3
xdotool mousemove 333 276 click 3
xdotool mousemove 333 276 click 3
xdotool mousemove 333 276 click 3
xdotool mousemove 333 276 click 3
xdotool mousemove 331 276 click 3
xdotool mousemove 331 276 click 3
xdotool mousemove 331 276 click 3
xdotool mousemove 331 276 click 3
xdotool mousemove 329 276 click 3
xdotool mousemove 329 276 click 3
xdotool mousemove 329 276 click 3
xdotool mousemove 329 276 click 3
xdotool mousemove 327 276 click 3
xdotool mousemove 327 276 click 3
xdotool mousemove 327 276 click 3
xdotool mousemove 327 276 click 3
xdotool mousemove 326 274 click 3
xdotool mousemove 326 274 click 3
xdotool mousemove 326 274 click 3
xdotool mousemove 326 274 click 3
xdotool mousemove 325 271 click 3
xdotool mousemove 325 271 click 3
xdotool mousemove 325 271 click 3
xdotool mousemove 325 271 click 3
xdotool mousemove 325 267 click 3
xdotool mousemove 325 267 click 3
xdotool mousemove 325 267 click 3
xdotool mousemove 325 267 click 3
xdotool mousemove 325 267 click 3
xdotool mousemove 325 264 click 3
xdotool mousemove 325 264 click 3
xdotool mousemove 325 264 click 3
xdotool mousemove 325 264 click 3
xdotool mousemove 325 264 click 3
xdotool mousemove 325 262 click 3
xdotool mousemove 325 262 click 3
xdotool mousemove 325 262 click 3
xdotool mousemove 325 262 click 3
xdotool mousemove 325 260 click 3
xdotool mousemove 325 260 click 3
xdotool mousemove 325 260 click 3
xdotool mousemove 325 260 click 3
xdotool mousemove 325 260 click 3
xdotool mousemove 325 259 click 3
xdotool mousemove 325 259 click 3
xdotool mousemove 325 259 click 3
xdotool mousemove 325 259 click 3
xdotool mousemove 325 259 click 3
xdotool mousemove 325 258 click 3
xdotool mousemove 325 258 click 3
xdotool mousemove 325 258 click 3
xdotool mousemove 325 258 click 3
xdotool mousemove 325 258 click 3
xdotool mousemove 325 258 click 3
xdotool mousemove 325 258 click 3
xdotool mousemove 325 258 click 3
xdotool mousemove 325 258 click 3
xdotool mousemove 325 258 click 3
xdotool mousemove 330 258 click 3
xdotool mousemove 330 258 click 3
xdotool mousemove 330 258 click 3
xdotool mousemove 330 258 click 3
xdotool mousemove 330 258 click 3
xdotool mousemove 334 258 click 3
xdotool mousemove 334 258 click 3
xdotool mousemove 334 258 click 3
xdotool mousemove 334 258 click 3
xdotool mousemove 334 258 click 3
xdotool mousemove 334 258 click 3
xdotool mousemove 337 260 click 3
xdotool mousemove 337 260 click 3
xdotool mousemove 337 260 click 3
xdotool mousemove 337 260 click 3
xdotool mousemove 337 260 click 3
xdotool mousemove 340 264 click 3
xdotool mousemove 340 264 click 3
xdotool mousemove 340 264 click 3
xdotool mousemove 340 264 click 3
xdotool mousemove 340 264 click 3
xdotool mousemove 342 267 click 3
xdotool mousemove 342 267 click 3
xdotool mousemove 342 267 click 3
xdotool mousemove 342 267 click 3
xdotool mousemove 342 267 click 3
xdotool mousemove 342 267 click 3
xdotool mousemove 344 271 click 3
xdotool mousemove 344 271 click 3
xdotool mousemove 344 271 click 3
xdotool mousemove 344 271 click 3
xdotool mousemove 344 271 click 3
xdotool mousemove 345 275 click 3
xdotool mousemove 345 275 click 3
xdotool mousemove 345 275 click 3
xdotool mousemove 345 275 click 3
xdotool mousemove 345 275 click 3
xdotool mousemove 345 283 click 3
xdotool mousemove 345 283 click 3
xdotool mousemove 345 283 click 3
xdotool mousemove 345 283 click 3
xdotool mousemove 345 283 click 3
xdotool mousemove 345 283 click 3
xdotool mousemove 345 289 click 3
xdotool mousemove 345 289 click 3
xdotool mousemove 345 289 click 3
xdotool mousemove 345 289 click 3
xdotool mousemove 345 289 click 3
xdotool mousemove 345 295 click 3
xdotool mousemove 345 295 click 3
xdotool mousemove 345 295 click 3
xdotool mousemove 345 295 click 3
xdotool mousemove 345 295 click 3
xdotool mousemove 345 295 click 3
xdotool mousemove 345 301 click 3
xdotool mousemove 345 301 click 3
xdotool mousemove 345 301 click 3
xdotool mousemove 345 301 click 3
xdotool mousemove 345 301 click 3
xdotool mousemove 343 305 click 3
xdotool mousemove 343 305 click 3
xdotool mousemove 343 305 click 3
xdotool mousemove 343 305 click 3
xdotool mousemove 343 305 click 3
xdotool mousemove 340 307 click 3
xdotool mousemove 340 307 click 3
xdotool mousemove 340 307 click 3
xdotool mousemove 340 307 click 3
xdotool mousemove 340 307 click 3
xdotool mousemove 340 307 click 3
xdotool mousemove 337 308 click 3
xdotool mousemove 337 308 click 3
xdotool mousemove 337 308 click 3
xdotool mousemove 337 308 click 3
xdotool mousemove 337 308 click 3
xdotool mousemove 337 308 click 3
xdotool mousemove 334 309 click 3
xdotool mousemove 334 309 click 3
xdotool mousemove 334 309 click 3
xdotool mousemove 334 309 click 3
xdotool mousemove 334 309 click 3
xdotool mousemove 334 309 click 3
xdotool mousemove 334 309 click 3
xdotool mousemove 333 309 click 3
xdotool mousemove 333 309 click 3
xdotool mousemove 333 309 click 3
xdotool mousemove 333 309 click 3
xdotool mousemove 331 309 click 3
xdotool mousemove 331 309 click 3
xdotool mousemove 331 309 click 3
xdotool mousemove 331 309 click 3
xdotool mousemove 331 309 click 3
xdotool mousemove 331 309 click 3
xdotool mousemove 330 309 click 3
xdotool mousemove 330 309 click 3
xdotool mousemove 330 309 click 3
xdotool mousemove 330 309 click 3
xdotool mousemove 330 309 click 3
xdotool mousemove 329 309 click 3
xdotool mousemove 329 309 click 3
xdotool mousemove 329 309 click 3
xdotool mousemove 329 309 click 3
xdotool mousemove 329 309 click 3
xdotool mousemove 329 306 click 3
xdotool mousemove 329 306 click 3
xdotool mousemove 329 306 click 3
xdotool mousemove 329 306 click 3
xdotool mousemove 329 306 click 3
xdotool mousemove 329 306 click 3
xdotool mousemove 329 304 click 3
xdotool mousemove 329 304 click 3
xdotool mousemove 329 304 click 3
xdotool mousemove 329 304 click 3
xdotool mousemove 329 304 click 3
xdotool mousemove 329 302 click 3
xdotool mousemove 329 302 click 3
xdotool mousemove 329 302 click 3
xdotool mousemove 329 302 click 3
xdotool mousemove 329 302 click 3
xdotool mousemove 329 300 click 3
xdotool mousemove 329 300 click 3
xdotool mousemove 329 300 click 3
xdotool mousemove 329 300 click 3
xdotool mousemove 329 300 click 3
xdotool mousemove 329 300 click 3
xdotool mousemove 329 299 click 3
xdotool mousemove 329 299 click 3
xdotool mousemove 329 299 click 3
xdotool mousemove 329 299 click 3
xdotool mousemove 329 299 click 3
xdotool mousemove 329 299 click 3
xdotool mousemove 329 299 click 3
xdotool mousemove 329 299 click 3
xdotool mousemove 329 299 click 3
xdotool mousemove 329 299 click 3
xdotool mousemove 329 299 click 3
xdotool mousemove 329 299 click 3
xdotool mousemove 329 299 click 3
xdotool mousemove 329 299 click 3
xdotool mousemove 329 299 click 3
xdotool mousemove 329 299 click 3
xdotool mousemove 329 299 click 3
xdotool mousemove 329 299 click 3
xdotool mousemove 329 299 click 3
xdotool mousemove 329 299 click 3
xdotool mousemove 329 299 click 3
xdotool mousemove 329 299 click 3
xdotool mousemove 329 299 click 3
xdotool mousemove 329 299 click 3
xdotool mousemove 329 299 click 3
xdotool mousemove 329 299 click 3
xdotool mousemove 329 299 click 3
xdotool mousemove 329 299 click 3
xdotool mousemove 329 299 click 3
xdotool mousemove 329 299 click 3
xdotool mousemove 329 299 click 3
xdotool mousemove 329 299 click 3
xdotool mousemove 329 299 click 3
xdotool mousemove 329 299 click 3
xdotool mousemove 329 299 click 3
xdotool mousemove 329 299 click 3
xdotool mousemove 329 299 click 3
xdotool mousemove 329 299 click 3
xdotool mousemove 329 299 click 3
xdotool mousemove 329 299 click 3
xdotool mousemove 329 299 click 3
xdotool mousemove 329 299 click 3
xdotool mousemove 329 299 click 3
xdotool mousemove 329 299 click 3
xdotool mousemove 329 299 click 3
xdotool mousemove 329 299 click 3
xdotool mousemove 329 299 click 3
xdotool mousemove 329 299 click 3
xdotool mousemove 329 299 click 3
xdotool mousemove 329 299 click 3
xdotool mousemove 329 299 click 3
xdotool mousemove 329 299 click 3
xdotool mousemove 329 299 click 3
xdotool mousemove 329 299 click 3
xdotool mousemove 329 299 click 3
xdotool mousemove 329 299 click 3
xdotool mousemove 329 299 click 3
xdotool mousemove 329 299 click 3
xdotool mousemove 329 299 click 3
xdotool mousemove 329 299 click 3
xdotool mousemove 329 299 click 3
xdotool mousemove 329 299 click 3
xdotool mousemove 329 299 click 3
xdotool mousemove 329 299 click 3
xdotool mousemove 329 299 click 3
xdotool mousemove 329 299 click 3
xdotool mousemove 329 299 click 3
xdotool mousemove 329 299 click 3
xdotool mousemove 329 299 click 3
xdotool mousemove 329 299 click 3
xdotool mousemove 329 299 click 3
xdotool mousemove 329 299 click 3
xdotool mousemove 329 299 click 3
xdotool mousemove 329 299 click 3
xdotool mousemove 329 299 click 3
xdotool mousemove 329 299 click 3
xdotool mousemove 329 299 click 3
xdotool mousemove 329 299 click 3
xdotool mousemove 329 299 click 3
xdotool mousemove 329 299 click 3
xdotool mousemove 329 299 click 3
xdotool mousemove 329 299 click 3
xdotool mousemove 329 299 click 3
xdotool mousemove 329 299 click 3
xdotool mousemove 329 299 click 3
xdotool mousemove 329 299 click 3
xdotool mousemove 329 299 click 3
xdotool mousemove 329 299 click 3
xdotool mousemove 329 299 click 3
xdotool mousemove 329 299 click 3
xdotool mousemove 329 299 click 3
xdotool mousemove 329 299 click 3
xdotool mousemove 329 299 click 3
xdotool mousemove 329 299 click 3
xdotool mousemove 329 299 click 3
xdotool mousemove 329 299 click 3
xdotool mousemove 329 299 click 3
xdotool mousemove 329 299 click 3
xdotool mousemove 329 299 click 3
xdotool mousemove 329 299 click 3
xdotool mousemove 329 299 click 3
xdotool mousemove 329 299 click 3
xdotool mousemove 329 299 click 3
xdotool mousemove 329 299 click 3
xdotool mousemove 329 299 click 3
xdotool mousemove 329 299 click 3
xdotool mousemove 329 299 click 3
xdotool mousemove 329 299 click 3
xdotool mousemove 329 299 click 3
xdotool mousemove 329 299 click 3
xdotool mousemove 329 299 click 3
xdotool mousemove 329 299 click 3
xdotool mousemove 329 299 click 3
xdotool mousemove 329 299 click 3
xdotool mousemove 329 299 click 3
xdotool mousemove 329 299 click 3
xdotool mousemove 329 299 click 3
xdotool mousemove 329 299 click 3
xdotool mousemove 329 299 click 3
xdotool mousemove 329 299 click 3
xdotool mousemove 329 299 click 3
xdotool mousemove 329 299 click 3
xdotool mousemove 329 299 click 3
xdotool mousemove 329 299 click 3
xdotool mousemove 329 299 click 3
xdotool mousemove 329 299 click 3
xdotool mousemove 329 299 click 3
xdotool mousemove 329 299 click 3
xdotool mousemove 329 299 click 3
xdotool mousemove 329 299 click 3
xdotool mousemove 329 299 click 3
xdotool mousemove 329 299 click 3
xdotool mousemove 329 299 click 3
xdotool mousemove 329 299 click 3
xdotool mousemove 329 299 click 3
xdotool mousemove 329 299 click 3
xdotool mousemove 329 299 click 3
xdotool mousemove 329 299 click 3
xdotool mousemove 329 299 click 3
xdotool mousemove 329 299 click 3
xdotool mousemove 329 299 click 3
xdotool mousemove 329 299 click 3
xdotool mousemove 329 299 click 3
xdotool mousemove 329 299 click 3
xdotool mousemove 329 299 click 3
xdotool mousemove 329 299 click 3
xdotool mousemove 329 299 click 3
xdotool mousemove 329 299 click 3
xdotool mousemove 329 299 click 3
xdotool mousemove 329 299 click 3
xdotool mousemove 329 299 click 3
xdotool mousemove 329 299 click 3
xdotool mousemove 329 299 click 3
xdotool mousemove 329 299 click 3
xdotool mousemove 329 299 click 3
xdotool mousemove 329 299 click 3
xdotool mousemove 329 299 click 3
xdotool mousemove 329 299 click 3
xdotool mousemove 329 299 click 3
xdotool mousemove 329 299 click 3
xdotool mousemove 329 299 click 3
xdotool mousemove 329 299 click 3
xdotool mousemove 329 299 click 3
xdotool mousemove 329 299 click 3
xdotool mousemove 329 299 click 3
xdotool mousemove 329 299 click 3
xdotool mousemove 329 299 click 3
xdotool mousemove 329 299 click 3
xdotool mousemove 329 299 click 3
xdotool mousemove 329 299 click 3
xdotool mousemove 329 299 click 3
xdotool mousemove 329 299 click 3
xdotool mousemove 329 299 click 3
xdotool mousemove 329 299 click 3
xdotool mousemove 329 299 click 3
xdotool mousemove 329 299 click 3
xdotool mousemove 329 299 click 3
xdotool mousemove 329 299 click 3
xdotool mousemove 329 299 click 3
xdotool mousemove 329 299 click 3
xdotool mousemove 329 299 click 3
xdotool mousemove 329 299 click 3
xdotool mousemove 329 299 click 3
xdotool mousemove 329 299 click 3
xdotool mousemove 329 299 click 3
xdotool mousemove 329 299 click 3
xdotool mousemove 329 299 click 3
xdotool mousemove 329 299 click 3
xdotool mousemove 329 299 click 3
xdotool mousemove 329 299 click 3
xdotool mousemove 329 299 click 3
xdotool mousemove 329 299 click 3
xdotool mousemove 329 299 click 3
xdotool mousemove 329 299 click 3
xdotool mousemove 329 299 click 3
xdotool mousemove 329 299 click 3
xdotool mousemove 329 299 click 3
xdotool mousemove 329 299 click 3
xdotool mousemove 329 299 click 3
xdotool mousemove 329 299 click 3
xdotool mousemove 329 299 click 3
xdotool mousemove 329 299 click 3
xdotool mousemove 329 299 click 3
xdotool mousemove 329 299 click 3
xdotool mousemove 329 299 click 3
xdotool mousemove 329 299 click 3
xdotool mousemove 329 299 click 3
